<?xml version="1.0" encoding="UTF-8"?>
<testsuite xmlns:xsi="http://www.w3.org/2001/XMLSchema-instance" xsi:noNamespaceSchemaLocation="https://maven.apache.org/surefire/maven-surefire-plugin/xsd/surefire-test-report-3.0.xsd" version="3.0" name="cucumberoptions.JunitTestRunnerTest" time="0.88" tests="3" errors="3" skipped="0" failures="0">
  <properties>
[...]
</properties>
  <testcase name="Search Experience for the product search in both home and offers page" classname="Place the Order for Products" time="0.152">
    <error message="The step &apos;User is On the GreenCart Landing Page&apos; and 4 other step(s) are undefined.&#10;You can implement these steps using the snippet(s) below:&#10;&#10;@Given(&quot;User is On the GreenCart Landing Page&quot;)&#10;public void user_is_on_the_green_cart_landing_page() {&#10;    // Write code here that turns the phrase above into concrete actions&#10;    throw new io.cucumber.java.PendingException();&#10;}&#10;@When(&quot;User Searched with ShortName Tom and extract the Actual Name of the Product&quot;)&#10;public void user_searched_with_short_name_tom_and_extract_the_actual_name_of_the_product() {&#10;    // Write code here that turns the phrase above into concrete actions&#10;    throw new io.cucumber.java.PendingException();&#10;}&#10;@When(&quot;Added {int} items of the selected product to the cart&quot;)&#10;public void added_items_of_the_selected_product_to_the_cart(Integer int1) {&#10;    // Write code here that turns the phrase above into concrete actions&#10;    throw new io.cucumber.java.PendingException();&#10;}&#10;@Then(&quot;User procceds to Checkout and validates the Tom items in checkout page&quot;)&#10;public void user_procceds_to_checkout_and_validates_the_tom_items_in_checkout_page() {&#10;    // Write code here that turns the phrase above into concrete actions&#10;    throw new io.cucumber.java.PendingException();&#10;}&#10;@Then(&quot;verify user has ability to enter promo code and place the order&quot;)&#10;public void verify_user_has_ability_to_enter_promo_code_and_place_the_order() {&#10;    // Write code here that turns the phrase above into concrete actions&#10;    throw new io.cucumber.java.PendingException();&#10;}&#10;" type="io.cucumber.junit.UndefinedStepException"><![CDATA[io.cucumber.junit.UndefinedStepException: 
The step 'User is On the GreenCart Landing Page' and 4 other step(s) are undefined.
You can implement these steps using the snippet(s) below:

@Given("User is On the GreenCart Landing Page")
public void user_is_on_the_green_cart_landing_page() {
    // Write code here that turns the phrase above into concrete actions
    throw new io.cucumber.java.PendingException();
}
@When("User Searched with ShortName Tom and extract the Actual Name of the Product")
public void user_searched_with_short_name_tom_and_extract_the_actual_name_of_the_product() {
    // Write code here that turns the phrase above into concrete actions
    throw new io.cucumber.java.PendingException();
}
@When("Added {int} items of the selected product to the cart")
public void added_items_of_the_selected_product_to_the_cart(Integer int1) {
    // Write code here that turns the phrase above into concrete actions
    throw new io.cucumber.java.PendingException();
}
@Then("User procceds to Checkout and validates the Tom items in checkout page")
public void user_procceds_to_checkout_and_validates_the_tom_items_in_checkout_page() {
    // Write code here that turns the phrase above into concrete actions
    throw new io.cucumber.java.PendingException();
}
@Then("verify user has ability to enter promo code and place the order")
public void verify_user_has_ability_to_enter_promo_code_and_place_the_order() {
    // Write code here that turns the phrase above into concrete actions
    throw new io.cucumber.java.PendingException();
}

]]></error>
    <system-out><![CDATA[
@PlaceOrder
Scenario Outline: Search Experience for the product search in both home and offers page &amp#27;[90m# src/test/java/features/Checkout.feature:14&amp#27;[0m
  &amp#27;[33mGiven &amp#27;[0m&amp#27;[33mUser is On the GreenCart Landing Page&amp#27;[0m
  &amp#27;[36mWhen &amp#27;[0m&amp#27;[36mUser Searched with ShortName Tom and extract the Actual Name of the Product&amp#27;[0m
  &amp#27;[36mAnd &amp#27;[0m&amp#27;[36mAdded 3 items of the selected product to the cart&amp#27;[0m
  &amp#27;[36mThen &amp#27;[0m&amp#27;[36mUser procceds to Checkout and validates the Tom items in checkout page&amp#27;[0m
  &amp#27;[36mAnd &amp#27;[0m&amp#27;[36mverify user has ability to enter promo code and place the order&amp#27;[0m
]]></system-out>
  </testcase>
  <testcase name="Search Experience for the product search in both home and offers page #1" classname="Search and Place the Order for Products" time="0.013">
    <error message="The step &apos;User is On the GreenCart Landing Page&apos; and 3 other step(s) are undefined.&#10;You can implement these steps using the snippet(s) below:&#10;&#10;@Given(&quot;User is On the GreenCart Landing Page&quot;)&#10;public void user_is_on_the_green_cart_landing_page() {&#10;    // Write code here that turns the phrase above into concrete actions&#10;    throw new io.cucumber.java.PendingException();&#10;}&#10;@When(&quot;User Searched with ShortName Tom and extract the Actual Name of the Product&quot;)&#10;public void user_searched_with_short_name_tom_and_extract_the_actual_name_of_the_product() {&#10;    // Write code here that turns the phrase above into concrete actions&#10;    throw new io.cucumber.java.PendingException();&#10;}&#10;@Then(&quot;user searched for the Tom shortname in offers page&quot;)&#10;public void user_searched_for_the_tom_shortname_in_offers_page() {&#10;    // Write code here that turns the phrase above into concrete actions&#10;    throw new io.cucumber.java.PendingException();&#10;}&#10;@Then(&quot;validate product name in offers page matches with Landing Page&quot;)&#10;public void validate_product_name_in_offers_page_matches_with_landing_page() {&#10;    // Write code here that turns the phrase above into concrete actions&#10;    throw new io.cucumber.java.PendingException();&#10;}&#10;" type="io.cucumber.junit.UndefinedStepException"><![CDATA[io.cucumber.junit.UndefinedStepException: 
The step 'User is On the GreenCart Landing Page' and 3 other step(s) are undefined.
You can implement these steps using the snippet(s) below:

@Given("User is On the GreenCart Landing Page")
public void user_is_on_the_green_cart_landing_page() {
    // Write code here that turns the phrase above into concrete actions
    throw new io.cucumber.java.PendingException();
}
@When("User Searched with ShortName Tom and extract the Actual Name of the Product")
public void user_searched_with_short_name_tom_and_extract_the_actual_name_of_the_product() {
    // Write code here that turns the phrase above into concrete actions
    throw new io.cucumber.java.PendingException();
}
@Then("user searched for the Tom shortname in offers page")
public void user_searched_for_the_tom_shortname_in_offers_page() {
    // Write code here that turns the phrase above into concrete actions
    throw new io.cucumber.java.PendingException();
}
@Then("validate product name in offers page matches with Landing Page")
public void validate_product_name_in_offers_page_matches_with_landing_page() {
    // Write code here that turns the phrase above into concrete actions
    throw new io.cucumber.java.PendingException();
}

]]></error>
    <system-out><![CDATA[
@OffersPage
Scenario Outline: Search Experience for the product search in both home and offers page &amp#27;[90m# src/test/java/features/searchProduct.feature:13&amp#27;[0m
  &amp#27;[33mGiven &amp#27;[0m&amp#27;[33mUser is On the GreenCart Landing Page&amp#27;[0m
  &amp#27;[36mWhen &amp#27;[0m&amp#27;[36mUser Searched with ShortName Tom and extract the Actual Name of the Product&amp#27;[0m
  &amp#27;[36mThen &amp#27;[0m&amp#27;[36muser searched for the Tom shortname in offers page&amp#27;[0m
  &amp#27;[36mAnd &amp#27;[0m&amp#27;[36mvalidate product name in offers page matches with Landing Page&amp#27;[0m
]]></system-out>
  </testcase>
  <testcase name="Search Experience for the product search in both home and offers page #2" classname="Search and Place the Order for Products" time="0.009">
    <error message="The step &apos;User is On the GreenCart Landing Page&apos; and 3 other step(s) are undefined.&#10;You can implement these steps using the snippet(s) below:&#10;&#10;@Given(&quot;User is On the GreenCart Landing Page&quot;)&#10;public void user_is_on_the_green_cart_landing_page() {&#10;    // Write code here that turns the phrase above into concrete actions&#10;    throw new io.cucumber.java.PendingException();&#10;}&#10;@When(&quot;User Searched with ShortName Beet and extract the Actual Name of the Product&quot;)&#10;public void user_searched_with_short_name_beet_and_extract_the_actual_name_of_the_product() {&#10;    // Write code here that turns the phrase above into concrete actions&#10;    throw new io.cucumber.java.PendingException();&#10;}&#10;@Then(&quot;user searched for the Beet shortname in offers page&quot;)&#10;public void user_searched_for_the_beet_shortname_in_offers_page() {&#10;    // Write code here that turns the phrase above into concrete actions&#10;    throw new io.cucumber.java.PendingException();&#10;}&#10;@Then(&quot;validate product name in offers page matches with Landing Page&quot;)&#10;public void validate_product_name_in_offers_page_matches_with_landing_page() {&#10;    // Write code here that turns the phrase above into concrete actions&#10;    throw new io.cucumber.java.PendingException();&#10;}&#10;" type="io.cucumber.junit.UndefinedStepException"><![CDATA[io.cucumber.junit.UndefinedStepException: 
The step 'User is On the GreenCart Landing Page' and 3 other step(s) are undefined.
You can implement these steps using the snippet(s) below:

@Given("User is On the GreenCart Landing Page")
public void user_is_on_the_green_cart_landing_page() {
    // Write code here that turns the phrase above into concrete actions
    throw new io.cucumber.java.PendingException();
}
@When("User Searched with ShortName Beet and extract the Actual Name of the Product")
public void user_searched_with_short_name_beet_and_extract_the_actual_name_of_the_product() {
    // Write code here that turns the phrase above into concrete actions
    throw new io.cucumber.java.PendingException();
}
@Then("user searched for the Beet shortname in offers page")
public void user_searched_for_the_beet_shortname_in_offers_page() {
    // Write code here that turns the phrase above into concrete actions
    throw new io.cucumber.java.PendingException();
}
@Then("validate product name in offers page matches with Landing Page")
public void validate_product_name_in_offers_page_matches_with_landing_page() {
    // Write code here that turns the phrase above into concrete actions
    throw new io.cucumber.java.PendingException();
}

]]></error>
    <system-out><![CDATA[
@OffersPage
Scenario Outline: Search Experience for the product search in both home and offers page &amp#27;[90m# src/test/java/features/searchProduct.feature:14&amp#27;[0m
  &amp#27;[33mGiven &amp#27;[0m&amp#27;[33mUser is On the GreenCart Landing Page&amp#27;[0m
  &amp#27;[36mWhen &amp#27;[0m&amp#27;[36mUser Searched with ShortName Beet and extract the Actual Name of the Product&amp#27;[0m
  &amp#27;[36mThen &amp#27;[0m&amp#27;[36muser searched for the Beet shortname in offers page&amp#27;[0m
  &amp#27;[36mAnd &amp#27;[0m&amp#27;[36mvalidate product name in offers page matches with Landing Page&amp#27;[0m
]]></system-out>
  </testcase>
</testsuite>