<?xml version="1.0" encoding="UTF-8"?>
<testng-results ignored="0" total="3" passed="2" failed="1" skipped="0">
  <reporter-output>
  </reporter-output>
  <suite started-at="2025-04-25T10:39:37 IST" name="Default suite" finished-at="2025-04-25T10:39:51 IST" duration-ms="13690">
    <groups>
      <group name="cucumber">
        <method signature="AbstractTestNGCucumberTests.runScenario(io.cucumber.testng.PickleWrapper,io.cucumber.testng.FeatureWrapper)[pri:0, instance:CucumberOptions.TestNGRunner@5c90e579]" name="runScenario" class="io.cucumber.testng.AbstractTestNGCucumberTests"/>
      </group> <!-- cucumber -->
    </groups>
    <test started-at="2025-04-25T10:39:37 IST" name="Default test" finished-at="2025-04-25T10:39:51 IST" duration-ms="13690">
      <class name="CucumberOptions.TestNGRunner">
        <test-method is-config="true" signature="setUpClass(org.testng.ITestContext)[pri:0, instance:CucumberOptions.TestNGRunner@5c90e579]" started-at="2025-04-25T10:39:37 IST" name="setUpClass" finished-at="2025-04-25T10:39:38 IST" duration-ms="873" status="PASS">
          <params>
            <param index="0">
              <value>
                <![CDATA[org.testng.TestRunner@506dcf55]]>
              </value>
            </param>
          </params>
          <reporter-output>
          </reporter-output>
        </test-method> <!-- setUpClass -->
        <test-method signature="runScenario(io.cucumber.testng.PickleWrapper,io.cucumber.testng.FeatureWrapper)[pri:0, instance:CucumberOptions.TestNGRunner@5c90e579]" started-at="2025-04-25T10:39:38 IST" name="runScenario" description="Runs Cucumber Scenarios" data-provider="scenarios" finished-at="2025-04-25T10:39:50 IST" duration-ms="11784" status="PASS">
          <params>
            <param index="0">
              <value>
                <![CDATA["Search Experience for the product search in both home and offers page"]]>
              </value>
            </param>
            <param index="1">
              <value>
                <![CDATA["Place the Order for Products"]]>
              </value>
            </param>
          </params>
          <reporter-output>
          </reporter-output>
        </test-method> <!-- runScenario -->
        <test-method signature="runScenario(io.cucumber.testng.PickleWrapper,io.cucumber.testng.FeatureWrapper)[pri:0, instance:CucumberOptions.TestNGRunner@5c90e579]" started-at="2025-04-25T10:39:38 IST" name="runScenario" description="Runs Cucumber Scenarios" data-provider="scenarios" finished-at="2025-04-25T10:39:50 IST" duration-ms="11926" status="FAIL">
          <params>
            <param index="0">
              <value>
                <![CDATA["Search Experience for the product search in both home and offers page"]]>
              </value>
            </param>
            <param index="1">
              <value>
                <![CDATA["Search and Place the Order for Products"]]>
              </value>
            </param>
          </params>
          <exception class="java.lang.AssertionError">
            <message>
              <![CDATA[Mismatch between product names in Offers and Landing pages expected [Beetroot] but found [No data]]]>
            </message>
            <full-stacktrace>
              <![CDATA[java.lang.AssertionError: Mismatch between product names in Offers and Landing pages expected [Beetroot] but found [No data]
at org.testng.Assert.fail(Assert.java:111)
at org.testng.Assert.failNotEquals(Assert.java:1578)
at org.testng.Assert.assertEqualsImpl(Assert.java:150)
at org.testng.Assert.assertEquals(Assert.java:132)
at org.testng.Assert.assertEquals(Assert.java:656)
at stepDefinations.OfferPageStepDefination.validate_product_name_in_offers_page_matches_with_landing_page(OfferPageStepDefination.java:39)
at ✽.validate product name in offers page matches with Landing Page(file:///C:/Users/sushm/eclipse-workspace/CucumberFramework2/src/test/java/features/searchProduct.feature:9)
]]>
            </full-stacktrace>
          </exception> <!-- java.lang.AssertionError -->
          <reporter-output>
          </reporter-output>
        </test-method> <!-- runScenario -->
        <test-method signature="runScenario(io.cucumber.testng.PickleWrapper,io.cucumber.testng.FeatureWrapper)[pri:0, instance:CucumberOptions.TestNGRunner@5c90e579]" started-at="2025-04-25T10:39:38 IST" name="runScenario" description="Runs Cucumber Scenarios" data-provider="scenarios" finished-at="2025-04-25T10:39:50 IST" duration-ms="11342" status="PASS">
          <params>
            <param index="0">
              <value>
                <![CDATA["Search Experience for the product search in both home and offers page"]]>
              </value>
            </param>
            <param index="1">
              <value>
                <![CDATA["Search and Place the Order for Products"]]>
              </value>
            </param>
          </params>
          <reporter-output>
          </reporter-output>
        </test-method> <!-- runScenario -->
        <test-method is-config="true" signature="tearDownClass()[pri:0, instance:CucumberOptions.TestNGRunner@5c90e579]" started-at="2025-04-25T10:39:50 IST" name="tearDownClass" finished-at="2025-04-25T10:39:51 IST" duration-ms="828" status="PASS">
          <reporter-output>
          </reporter-output>
        </test-method> <!-- tearDownClass -->
      </class> <!-- CucumberOptions.TestNGRunner -->
    </test> <!-- Default test -->
  </suite> <!-- Default suite -->
</testng-results>
