<?xml version="1.0" encoding="UTF-8"?>
<!-- Generated by org.testng.reporters.JUnitReportReporter -->
<testsuite hostname="Sushmitha_Shety" failures="1" tests="1" name="CucumberOptions.FailedTestRunner" time="10.108" errors="0" timestamp="2025-04-22T07:46:39 IST" skipped="0">
  <testcase classname="CucumberOptions.FailedTestRunner" name="runScenario" time="10.108">
    <failure message="Mismatch between product names in Offers and Landing pages expected [Beetroot] but found [No data]" type="java.lang.AssertionError">
      <![CDATA[java.lang.AssertionError: Mismatch between product names in Offers and Landing pages expected [Beetroot] but found [No data]
at org.testng.Assert.fail(Assert.java:111)
at org.testng.Assert.failNotEquals(Assert.java:1578)
at org.testng.Assert.assertEqualsImpl(Assert.java:150)
at org.testng.Assert.assertEquals(Assert.java:132)
at org.testng.Assert.assertEquals(Assert.java:656)
at stepDefinations.OfferPageStepDefination.validate_product_name_in_offers_page_matches_with_landing_page(OfferPageStepDefination.java:39)
at ✽.validate product name in offers page matches with Landing Page(file:///C:/Users/sushm/eclipse-workspace/CucumberFramework2/src/test/java/features/searchProduct.feature:9)
]]>
    </failure>
  </testcase> <!-- runScenario -->
</testsuite> <!-- CucumberOptions.FailedTestRunner -->
